2020-06-21 17:44:20,513 INFO adminstone logged in his account.  
2020-06-21 17:45:27,603 INFO adminstone logged in his account.  
2020-06-21 17:48:08,813 INFO KekRibak logged in his account.  
2020-06-21 17:55:53,356 INFO adminstone logged in his account.  
2020-06-21 18:00:14,812 INFO adminstone logged in his account.  
2020-06-21 18:01:51,756 INFO adminstone logged in his account.  
2020-06-21 18:02:12,946 INFO adminstone logged in his account.  
2020-06-21 18:02:15,680 INFO adminstone logged out his account.  
2020-06-21 18:03:04,099 INFO adminstone LogIn his account.  
2020-06-21 18:03:06,923 INFO adminstone LogOut his account.  
2020-06-21 23:57:42,286 INFO adminstone LogIn his account.  
2020-06-22 10:22:23,382 INFO adminstone LogOut his account.  
2020-06-22 10:30:07,541 INFO Pojiloy LogOut his account.  
2020-06-22 10:30:54,411 INFO  Register new account.  
2020-06-22 10:33:19,071 INFO Gadast LogOut his account.  
2020-06-22 10:33:44,859 INFO  Register new account.  
2020-06-22 10:34:05,399 INFO Abdul Verified account.  
2020-06-22 10:35:37,554 INFO Abdul LogOut his account.  
2020-06-22 10:36:35,561 INFO pro100Ribak Register new account.  
2020-06-22 10:37:39,290 INFO pro100Ribak Verified account.  
2020-06-22 10:38:32,402 INFO pro100Ribak LogOut his account.  
2020-06-22 12:00:21,956 INFO adminstone LogIn his account.  
