2020-06-21 17:42:50,342  INFO  2768  C:\Users\HP\AppData\Local\Programs\Python\Python38-32\lib\site-packages\django\core\servers\basehttp.py  log_message  157  "GET /news/login-page/ HTTP/1.1" 200 3354  
2020-06-21 17:42:50,401  WARNING  2768  C:\Users\HP\AppData\Local\Programs\Python\Python38-32\lib\site-packages\django\core\servers\basehttp.py  log_message  157  "GET /news/login-page/css/landing-page.min.css HTTP/1.1" 404 5463  
2020-06-21 17:42:52,946  ERROR  2768  C:\Users\HP\AppData\Local\Programs\Python\Python38-32\lib\site-packages\django\core\servers\basehttp.py  log_message  157  "POST /news/login-page/ HTTP/1.1" 500 126155  
2020-06-21 17:43:40,300  WARNING  17724  C:\Users\HP\AppData\Local\Programs\Python\Python38-32\lib\site-packages\django\core\servers\basehttp.py  log_message  157  "POST /news/login-page/ HTTP/1.1" 403 2513  
2020-06-21 17:43:42,391  INFO  17724  C:\Users\HP\AppData\Local\Programs\Python\Python38-32\lib\site-packages\django\core\servers\basehttp.py  log_message  157  "GET /news/login-page/ HTTP/1.1" 200 3354  
2020-06-21 17:43:44,712  ERROR  17724  C:\Users\HP\AppData\Local\Programs\Python\Python38-32\lib\site-packages\django\core\servers\basehttp.py  log_message  157  "POST /news/login-page/ HTTP/1.1" 500 126143  
2020-06-21 17:44:18,328  INFO  17860  C:\Users\HP\AppData\Local\Programs\Python\Python38-32\lib\site-packages\django\core\servers\basehttp.py  log_message  157  "GET /news/login-page/ HTTP/1.1" 200 3354  
2020-06-21 17:44:20,672  INFO  17860  C:\Users\HP\AppData\Local\Programs\Python\Python38-32\lib\site-packages\django\core\servers\basehttp.py  log_message  157  "POST /news/login-page/ HTTP/1.1" 302 0  
2020-06-21 17:44:21,784  INFO  17860  C:\Users\HP\AppData\Local\Programs\Python\Python38-32\lib\site-packages\django\core\servers\basehttp.py  log_message  157  "GET /news/edit-page/ HTTP/1.1" 200 10548  
2020-06-21 17:44:21,827  WARNING  17860  C:\Users\HP\AppData\Local\Programs\Python\Python38-32\lib\site-packages\django\core\servers\basehttp.py  log_message  157  "GET /news/edit-page/css/landing-page.min.css HTTP/1.1" 404 5460  
2020-06-21 17:45:17,437  INFO  17860  C:\Users\HP\AppData\Local\Programs\Python\Python38-32\lib\site-packages\django\core\servers\basehttp.py  log_message  157  "GET /news/logout/ HTTP/1.1" 302 0  
2020-06-21 17:45:18,614  INFO  17860  C:\Users\HP\AppData\Local\Programs\Python\Python38-32\lib\site-packages\django\core\servers\basehttp.py  log_message  157  "GET /news/ HTTP/1.1" 200 8449  
2020-06-21 17:45:18,666  WARNING  17860  C:\Users\HP\AppData\Local\Programs\Python\Python38-32\lib\site-packages\django\core\servers\basehttp.py  log_message  157  "GET /news/css/landing-page.min.css HTTP/1.1" 404 5430  
2020-06-21 17:45:19,719  INFO  17860  C:\Users\HP\AppData\Local\Programs\Python\Python38-32\lib\site-packages\django\core\servers\basehttp.py  log_message  157  "GET /news/login-page/ HTTP/1.1" 200 3354  
2020-06-21 17:45:19,767  WARNING  17860  C:\Users\HP\AppData\Local\Programs\Python\Python38-32\lib\site-packages\django\core\servers\basehttp.py  log_message  157  "GET /news/login-page/css/landing-page.min.css HTTP/1.1" 404 5463  
2020-06-21 17:45:27,754  INFO  17860  C:\Users\HP\AppData\Local\Programs\Python\Python38-32\lib\site-packages\django\core\servers\basehttp.py  log_message  157  "POST /news/login-page/ HTTP/1.1" 302 0  
2020-06-21 17:45:28,853  INFO  17860  C:\Users\HP\AppData\Local\Programs\Python\Python38-32\lib\site-packages\django\core\servers\basehttp.py  log_message  157  "GET /news/edit-page/ HTTP/1.1" 200 10548  
2020-06-21 17:45:28,901  WARNING  17860  C:\Users\HP\AppData\Local\Programs\Python\Python38-32\lib\site-packages\django\core\servers\basehttp.py  log_message  157  "GET /news/edit-page/css/landing-page.min.css HTTP/1.1" 404 5460  
2020-06-21 17:45:33,013  INFO  17860  C:\Users\HP\AppData\Local\Programs\Python\Python38-32\lib\site-packages\django\core\servers\basehttp.py  log_message  157  "GET /admin/ HTTP/1.1" 200 8306  
2020-06-21 17:45:34,764  INFO  17860  C:\Users\HP\AppData\Local\Programs\Python\Python38-32\lib\site-packages\django\core\servers\basehttp.py  log_message  157  "GET /admin/ HTTP/1.1" 200 8306  
2020-06-21 17:45:38,421  INFO  17860  C:\Users\HP\AppData\Local\Programs\Python\Python38-32\lib\site-packages\django\core\servers\basehttp.py  log_message  157  "GET /admin/auth/user/ HTTP/1.1" 200 15567  
2020-06-21 17:45:38,964  INFO  17860  C:\Users\HP\AppData\Local\Programs\Python\Python38-32\lib\site-packages\django\core\servers\basehttp.py  log_message  157  "GET /admin/jsi18n/ HTTP/1.1" 200 3223  
2020-06-21 17:45:57,993  INFO  17860  C:\Users\HP\AppData\Local\Programs\Python\Python38-32\lib\site-packages\django\core\servers\basehttp.py  log_message  157  "GET /admin/auth/ HTTP/1.1" 200 2968  
2020-06-21 17:46:02,620  INFO  17860  C:\Users\HP\AppData\Local\Programs\Python\Python38-32\lib\site-packages\django\core\servers\basehttp.py  log_message  157  "GET /admin/ HTTP/1.1" 200 8306  
2020-06-21 17:46:04,572  INFO  17860  C:\Users\HP\AppData\Local\Programs\Python\Python38-32\lib\site-packages\django\core\servers\basehttp.py  log_message  157  "GET /admin/news/profile/ HTTP/1.1" 200 6555  
2020-06-21 17:46:05,199  INFO  17860  C:\Users\HP\AppData\Local\Programs\Python\Python38-32\lib\site-packages\django\core\servers\basehttp.py  log_message  157  "GET /admin/jsi18n/ HTTP/1.1" 200 3223  
2020-06-21 17:47:29,657  INFO  17860  C:\Users\HP\AppData\Local\Programs\Python\Python38-32\lib\site-packages\django\core\servers\basehttp.py  log_message  157  "POST /admin/auth/user/ HTTP/1.1" 200 5185  
2020-06-21 17:47:34,712  INFO  17860  C:\Users\HP\AppData\Local\Programs\Python\Python38-32\lib\site-packages\django\core\servers\basehttp.py  log_message  157  "POST /admin/auth/user/ HTTP/1.1" 302 0  
2020-06-21 17:47:35,458  INFO  17860  C:\Users\HP\AppData\Local\Programs\Python\Python38-32\lib\site-packages\django\core\servers\basehttp.py  log_message  157  "GET /admin/auth/user/ HTTP/1.1" 200 9341  
2020-06-21 17:47:36,065  INFO  17860  C:\Users\HP\AppData\Local\Programs\Python\Python38-32\lib\site-packages\django\core\servers\basehttp.py  log_message  157  "GET /admin/jsi18n/ HTTP/1.1" 200 3223  
2020-06-21 17:47:39,275  INFO  17860  C:\Users\HP\AppData\Local\Programs\Python\Python38-32\lib\site-packages\django\core\servers\basehttp.py  log_message  157  "GET /admin/ HTTP/1.1" 200 8127  
2020-06-21 17:47:41,333  INFO  17860  C:\Users\HP\AppData\Local\Programs\Python\Python38-32\lib\site-packages\django\core\servers\basehttp.py  log_message  157  "GET /admin/auth/user/ HTTP/1.1" 200 9219  
2020-06-21 17:47:41,963  INFO  17860  C:\Users\HP\AppData\Local\Programs\Python\Python38-32\lib\site-packages\django\core\servers\basehttp.py  log_message  157  "GET /admin/jsi18n/ HTTP/1.1" 200 3223  
2020-06-21 17:47:55,431  INFO  17860  C:\Users\HP\AppData\Local\Programs\Python\Python38-32\lib\site-packages\django\core\servers\basehttp.py  log_message  157  "GET / HTTP/1.1" 200 3387  
2020-06-21 17:47:55,461  WARNING  17860  C:\Users\HP\AppData\Local\Programs\Python\Python38-32\lib\site-packages\django\core\servers\basehttp.py  log_message  157  "GET /css/landing-page.min.css HTTP/1.1" 404 2528  
2020-06-21 17:47:56,085  INFO  17860  C:\Users\HP\AppData\Local\Programs\Python\Python38-32\lib\site-packages\django\core\servers\basehttp.py  log_message  157  "GET / HTTP/1.1" 200 3387  
2020-06-21 17:47:57,592  INFO  17860  C:\Users\HP\AppData\Local\Programs\Python\Python38-32\lib\site-packages\django\core\servers\basehttp.py  log_message  157  "GET /news/logout/ HTTP/1.1" 302 0  
2020-06-21 17:47:58,867  INFO  17860  C:\Users\HP\AppData\Local\Programs\Python\Python38-32\lib\site-packages\django\core\servers\basehttp.py  log_message  157  "GET /news/ HTTP/1.1" 200 8449  
2020-06-21 17:47:58,912  WARNING  17860  C:\Users\HP\AppData\Local\Programs\Python\Python38-32\lib\site-packages\django\core\servers\basehttp.py  log_message  157  "GET /news/css/landing-page.min.css HTTP/1.1" 404 5430  
2020-06-21 17:48:00,569  INFO  17860  C:\Users\HP\AppData\Local\Programs\Python\Python38-32\lib\site-packages\django\core\servers\basehttp.py  log_message  157  "GET /news/login-page/ HTTP/1.1" 200 3354  
2020-06-21 17:48:00,612  WARNING  17860  C:\Users\HP\AppData\Local\Programs\Python\Python38-32\lib\site-packages\django\core\servers\basehttp.py  log_message  157  "GET /news/login-page/css/landing-page.min.css HTTP/1.1" 404 5463  
2020-06-21 17:48:09,012  INFO  17860  C:\Users\HP\AppData\Local\Programs\Python\Python38-32\lib\site-packages\django\core\servers\basehttp.py  log_message  157  "POST /news/login-page/ HTTP/1.1" 302 0  
2020-06-21 17:48:10,136  INFO  17860  C:\Users\HP\AppData\Local\Programs\Python\Python38-32\lib\site-packages\django\core\servers\basehttp.py  log_message  157  "GET /news/edit-page/ HTTP/1.1" 200 5341  
2020-06-21 17:48:10,203  WARNING  17860  C:\Users\HP\AppData\Local\Programs\Python\Python38-32\lib\site-packages\django\core\servers\basehttp.py  log_message  157  "GET /news/edit-page/css/landing-page.min.css HTTP/1.1" 404 5460  
2020-06-21 17:51:27,288  INFO  16268  C:\Users\HP\AppData\Local\Programs\Python\Python38-32\lib\site-packages\django\core\servers\basehttp.py  log_message  157  "GET /news/logout/ HTTP/1.1" 200 1207  
2020-06-21 17:55:48,995  INFO  13896  C:\Users\HP\AppData\Local\Programs\Python\Python38-32\lib\site-packages\django\core\servers\basehttp.py  log_message  157  "GET /news/ HTTP/1.1" 200 8449  
2020-06-21 17:55:49,191  WARNING  13896  C:\Users\HP\AppData\Local\Programs\Python\Python38-32\lib\site-packages\django\core\servers\basehttp.py  log_message  157  "GET /news/css/landing-page.min.css HTTP/1.1" 404 5430  
2020-06-21 17:55:50,125  INFO  13896  C:\Users\HP\AppData\Local\Programs\Python\Python38-32\lib\site-packages\django\core\servers\basehttp.py  log_message  157  "GET /news/login-page/ HTTP/1.1" 200 3354  
2020-06-21 17:55:50,165  WARNING  13896  C:\Users\HP\AppData\Local\Programs\Python\Python38-32\lib\site-packages\django\core\servers\basehttp.py  log_message  157  "GET /news/login-page/css/landing-page.min.css HTTP/1.1" 404 5463  
2020-06-21 17:55:53,544  INFO  13896  C:\Users\HP\AppData\Local\Programs\Python\Python38-32\lib\site-packages\django\core\servers\basehttp.py  log_message  157  "POST /news/login-page/ HTTP/1.1" 302 0  
2020-06-21 17:55:54,935  INFO  13896  C:\Users\HP\AppData\Local\Programs\Python\Python38-32\lib\site-packages\django\core\servers\basehttp.py  log_message  157  "GET /news/edit-page/ HTTP/1.1" 200 10548  
2020-06-21 17:55:54,981  WARNING  13896  C:\Users\HP\AppData\Local\Programs\Python\Python38-32\lib\site-packages\django\core\servers\basehttp.py  log_message  157  "GET /news/edit-page/css/landing-page.min.css HTTP/1.1" 404 5460  
2020-06-21 17:55:56,744  ERROR  13896  C:\Users\HP\AppData\Local\Programs\Python\Python38-32\lib\site-packages\django\core\servers\basehttp.py  log_message  157  "GET /news/logout/ HTTP/1.1" 500 80688  
2020-06-21 17:56:12,419  ERROR  2824  C:\Users\HP\AppData\Local\Programs\Python\Python38-32\lib\site-packages\django\core\servers\basehttp.py  log_message  157  "GET /news/logout/ HTTP/1.1" 500 80810  
2020-06-21 17:59:53,466  INFO  12032  C:\Users\HP\AppData\Local\Programs\Python\Python38-32\lib\site-packages\django\core\servers\basehttp.py  log_message  157  "GET /news/logout/ HTTP/1.1" 200 1207  
2020-06-21 18:00:07,472  INFO  13320  C:\Users\HP\AppData\Local\Programs\Python\Python38-32\lib\site-packages\django\core\servers\basehttp.py  log_message  157  "GET /news/edit-page/ HTTP/1.1" 302 0  
2020-06-21 18:00:07,484  WARNING  13320  C:\Users\HP\AppData\Local\Programs\Python\Python38-32\lib\site-packages\django\core\servers\basehttp.py  log_message  157  "GET /accounts/login/?next=/news/edit-page/ HTTP/1.1" 404 2523  
2020-06-21 18:00:11,904  INFO  13320  C:\Users\HP\AppData\Local\Programs\Python\Python38-32\lib\site-packages\django\core\servers\basehttp.py  log_message  157  "GET / HTTP/1.1" 200 2927  
2020-06-21 18:00:11,944  WARNING  13320  C:\Users\HP\AppData\Local\Programs\Python\Python38-32\lib\site-packages\django\core\servers\basehttp.py  log_message  157  "GET /css/landing-page.min.css HTTP/1.1" 404 2528  
2020-06-21 18:00:12,782  INFO  13320  C:\Users\HP\AppData\Local\Programs\Python\Python38-32\lib\site-packages\django\core\servers\basehttp.py  log_message  157  "GET /news/login-page/ HTTP/1.1" 200 3354  
2020-06-21 18:00:12,829  WARNING  13320  C:\Users\HP\AppData\Local\Programs\Python\Python38-32\lib\site-packages\django\core\servers\basehttp.py  log_message  157  "GET /news/login-page/css/landing-page.min.css HTTP/1.1" 404 5463  
2020-06-21 18:00:14,965  INFO  13320  C:\Users\HP\AppData\Local\Programs\Python\Python38-32\lib\site-packages\django\core\servers\basehttp.py  log_message  157  "POST /news/login-page/ HTTP/1.1" 302 0  
2020-06-21 18:00:16,113  INFO  13320  C:\Users\HP\AppData\Local\Programs\Python\Python38-32\lib\site-packages\django\core\servers\basehttp.py  log_message  157  "GET /news/edit-page/ HTTP/1.1" 200 10548  
2020-06-21 18:00:16,172  WARNING  13320  C:\Users\HP\AppData\Local\Programs\Python\Python38-32\lib\site-packages\django\core\servers\basehttp.py  log_message  157  "GET /news/edit-page/css/landing-page.min.css HTTP/1.1" 404 5460  
2020-06-21 18:00:18,491  INFO  13320  C:\Users\HP\AppData\Local\Programs\Python\Python38-32\lib\site-packages\django\core\servers\basehttp.py  log_message  157  "GET /news/logout/ HTTP/1.1" 200 1207  
2020-06-21 18:00:27,145  INFO  13320  C:\Users\HP\AppData\Local\Programs\Python\Python38-32\lib\site-packages\django\core\servers\basehttp.py  log_message  157  "GET /admin/ HTTP/1.1" 302 0  
2020-06-21 18:00:27,165  INFO  13320  C:\Users\HP\AppData\Local\Programs\Python\Python38-32\lib\site-packages\django\core\servers\basehttp.py  log_message  157  "GET /admin/login/?next=/admin/ HTTP/1.1" 200 1913  
2020-06-21 18:00:29,881  INFO  13320  C:\Users\HP\AppData\Local\Programs\Python\Python38-32\lib\site-packages\django\core\servers\basehttp.py  log_message  157  "POST /admin/login/?next=/admin/ HTTP/1.1" 302 0  
2020-06-21 18:00:30,445  INFO  13320  C:\Users\HP\AppData\Local\Programs\Python\Python38-32\lib\site-packages\django\core\servers\basehttp.py  log_message  157  "GET /admin/ HTTP/1.1" 200 8127  
2020-06-21 18:00:36,126  INFO  13320  C:\Users\HP\AppData\Local\Programs\Python\Python38-32\lib\site-packages\django\core\servers\basehttp.py  log_message  157  "GET /admin/ HTTP/1.1" 200 8127  
2020-06-21 18:00:38,201  INFO  13320  C:\Users\HP\AppData\Local\Programs\Python\Python38-32\lib\site-packages\django\core\servers\basehttp.py  log_message  157  "GET / HTTP/1.1" 200 3387  
2020-06-21 18:00:38,233  WARNING  13320  C:\Users\HP\AppData\Local\Programs\Python\Python38-32\lib\site-packages\django\core\servers\basehttp.py  log_message  157  "GET /css/landing-page.min.css HTTP/1.1" 404 2528  
2020-06-21 18:00:38,846  INFO  13320  C:\Users\HP\AppData\Local\Programs\Python\Python38-32\lib\site-packages\django\core\servers\basehttp.py  log_message  157  "GET / HTTP/1.1" 200 3387  
2020-06-21 18:01:51,898  INFO  16272  C:\Users\HP\AppData\Local\Programs\Python\Python38-32\lib\site-packages\django\core\servers\basehttp.py  log_message  157  "GET /news/logout/ HTTP/1.1" 200 1207  
2020-06-21 18:02:09,674  INFO  15008  C:\Users\HP\AppData\Local\Programs\Python\Python38-32\lib\site-packages\django\core\servers\basehttp.py  log_message  157  "GET /news/ HTTP/1.1" 200 8449  
2020-06-21 18:02:09,721  WARNING  15008  C:\Users\HP\AppData\Local\Programs\Python\Python38-32\lib\site-packages\django\core\servers\basehttp.py  log_message  157  "GET /news/css/landing-page.min.css HTTP/1.1" 404 5430  
2020-06-21 18:02:10,626  INFO  15008  C:\Users\HP\AppData\Local\Programs\Python\Python38-32\lib\site-packages\django\core\servers\basehttp.py  log_message  157  "GET /news/login-page/ HTTP/1.1" 200 3354  
2020-06-21 18:02:10,669  WARNING  15008  C:\Users\HP\AppData\Local\Programs\Python\Python38-32\lib\site-packages\django\core\servers\basehttp.py  log_message  157  "GET /news/login-page/css/landing-page.min.css HTTP/1.1" 404 5463  
2020-06-21 18:02:13,139  INFO  15008  C:\Users\HP\AppData\Local\Programs\Python\Python38-32\lib\site-packages\django\core\servers\basehttp.py  log_message  157  "POST /news/login-page/ HTTP/1.1" 302 0  
2020-06-21 18:02:14,295  INFO  15008  C:\Users\HP\AppData\Local\Programs\Python\Python38-32\lib\site-packages\django\core\servers\basehttp.py  log_message  157  "GET /news/edit-page/ HTTP/1.1" 200 10548  
2020-06-21 18:02:14,341  WARNING  15008  C:\Users\HP\AppData\Local\Programs\Python\Python38-32\lib\site-packages\django\core\servers\basehttp.py  log_message  157  "GET /news/edit-page/css/landing-page.min.css HTTP/1.1" 404 5460  
2020-06-21 18:02:15,826  INFO  15008  C:\Users\HP\AppData\Local\Programs\Python\Python38-32\lib\site-packages\django\core\servers\basehttp.py  log_message  157  "GET /news/logout/ HTTP/1.1" 200 1207  
2020-06-21 18:02:25,943  INFO  15008  C:\Users\HP\AppData\Local\Programs\Python\Python38-32\lib\site-packages\django\core\servers\basehttp.py  log_message  157  "GET /news/ HTTP/1.1" 200 8449  
2020-06-21 18:02:25,980  WARNING  15008  C:\Users\HP\AppData\Local\Programs\Python\Python38-32\lib\site-packages\django\core\servers\basehttp.py  log_message  157  "GET /news/css/landing-page.min.css HTTP/1.1" 404 5430  
2020-06-21 18:02:27,102  INFO  15008  C:\Users\HP\AppData\Local\Programs\Python\Python38-32\lib\site-packages\django\core\servers\basehttp.py  log_message  157  "GET /news/ HTTP/1.1" 200 8449  
2020-06-21 18:03:01,907  INFO  3912  C:\Users\HP\AppData\Local\Programs\Python\Python38-32\lib\site-packages\django\core\servers\basehttp.py  log_message  157  "GET /news/login-page/ HTTP/1.1" 200 3354  
2020-06-21 18:03:01,952  WARNING  3912  C:\Users\HP\AppData\Local\Programs\Python\Python38-32\lib\site-packages\django\core\servers\basehttp.py  log_message  157  "GET /news/login-page/css/landing-page.min.css HTTP/1.1" 404 5463  
2020-06-21 18:03:04,252  INFO  3912  C:\Users\HP\AppData\Local\Programs\Python\Python38-32\lib\site-packages\django\core\servers\basehttp.py  log_message  157  "POST /news/login-page/ HTTP/1.1" 302 0  
2020-06-21 18:03:05,380  INFO  3912  C:\Users\HP\AppData\Local\Programs\Python\Python38-32\lib\site-packages\django\core\servers\basehttp.py  log_message  157  "GET /news/edit-page/ HTTP/1.1" 200 10548  
2020-06-21 18:03:05,433  WARNING  3912  C:\Users\HP\AppData\Local\Programs\Python\Python38-32\lib\site-packages\django\core\servers\basehttp.py  log_message  157  "GET /news/edit-page/css/landing-page.min.css HTTP/1.1" 404 5460  
2020-06-21 18:03:07,052  INFO  3912  C:\Users\HP\AppData\Local\Programs\Python\Python38-32\lib\site-packages\django\core\servers\basehttp.py  log_message  157  "GET /news/logout/ HTTP/1.1" 302 0  
2020-06-21 18:03:08,257  INFO  3912  C:\Users\HP\AppData\Local\Programs\Python\Python38-32\lib\site-packages\django\core\servers\basehttp.py  log_message  157  "GET /news/ HTTP/1.1" 200 8449  
2020-06-21 18:03:08,309  WARNING  3912  C:\Users\HP\AppData\Local\Programs\Python\Python38-32\lib\site-packages\django\core\servers\basehttp.py  log_message  157  "GET /news/css/landing-page.min.css HTTP/1.1" 404 5430  
2020-06-21 22:34:47,226  ERROR  11220  C:\Users\HP\AppData\Local\Programs\Python\Python38-32\lib\site-packages\django\core\servers\basehttp.py  log_message  157  "GET /news/ HTTP/1.1" 500 237272  
2020-06-21 22:34:48,187  ERROR  11220  C:\Users\HP\AppData\Local\Programs\Python\Python38-32\lib\site-packages\django\core\servers\basehttp.py  log_message  157  "GET /news/62/ HTTP/1.1" 500 184916  
2020-06-21 22:35:32,204  INFO  11220  C:\Users\HP\AppData\Local\Programs\Python\Python38-32\lib\site-packages\django\core\servers\basehttp.py  log_message  157  "GET /news/ HTTP/1.1" 200 8449  
2020-06-21 22:35:32,265  WARNING  11220  C:\Users\HP\AppData\Local\Programs\Python\Python38-32\lib\site-packages\django\core\servers\basehttp.py  log_message  157  "GET /news/css/landing-page.min.css HTTP/1.1" 404 5430  
2020-06-21 23:57:12,182  INFO  12068  C:\Users\HP\AppData\Local\Programs\Python\Python38-32\lib\site-packages\django\core\servers\basehttp.py  log_message  157  "GET /news/login-page/ HTTP/1.1" 200 3354  
2020-06-21 23:57:12,421  WARNING  12068  C:\Users\HP\AppData\Local\Programs\Python\Python38-32\lib\site-packages\django\core\servers\basehttp.py  log_message  157  "GET /news/login-page/css/landing-page.min.css HTTP/1.1" 404 5463  
2020-06-21 23:57:21,658  ERROR  12068  C:\Users\HP\AppData\Local\Programs\Python\Python38-32\lib\site-packages\django\core\servers\basehttp.py  log_message  157  "POST /news/login-page/ HTTP/1.1" 500 249128  
2020-06-21 23:57:42,479  INFO  12068  C:\Users\HP\AppData\Local\Programs\Python\Python38-32\lib\site-packages\django\core\servers\basehttp.py  log_message  157  "POST /news/login-page/ HTTP/1.1" 302 0  
2020-06-21 23:57:43,861  INFO  12068  C:\Users\HP\AppData\Local\Programs\Python\Python38-32\lib\site-packages\django\core\servers\basehttp.py  log_message  157  "GET /news/edit-page/ HTTP/1.1" 200 10548  
2020-06-21 23:57:43,910  WARNING  12068  C:\Users\HP\AppData\Local\Programs\Python\Python38-32\lib\site-packages\django\core\servers\basehttp.py  log_message  157  "GET /news/edit-page/css/landing-page.min.css HTTP/1.1" 404 5460  
